<?xml version="1.0" encoding="UTF-8"?>
<!-- Generated by org.testng.reporters.JUnitXMLReporter -->
<testsuite hostname="LAPTOP-IKGRIVOR" ignored="0" name="Login for all user types" tests="3" failures="0" timestamp="15 Apr 2021 08:28:54 GMT" time="45.707" errors="0">
  <testcase name="startbrowser" time="9.566" classname="Dewsolutions.TSSS.Login"/>
  <testcase name="startbrowser" time="15.538" classname="Dewsolutions.TSSS.Login"/>
  <testcase name="startbrowser" time="12.348" classname="Dewsolutions.TSSS.Login"/>
</testsuite> <!-- Login for all user types -->
